Release 14.7 - xst P.20131013 (nt)
Copyright (c) 1995-2013 Xilinx, Inc.  All rights reserved.
--> Parameter TMPDIR set to xst/projnav.tmp


Total REAL time to Xst completion: 0.00 secs
Total CPU time to Xst completion: 0.17 secs
 
--> Parameter xsthdpdir set to xst


Total REAL time to Xst completion: 0.00 secs
Total CPU time to Xst completion: 0.17 secs
 
--> Reading design: Main.prj

TABLE OF CONTENTS
  1) Synthesis Options Summary
  2) HDL Compilation
  3) Design Hierarchy Analysis
  4) HDL Analysis
  5) HDL Synthesis
     5.1) HDL Synthesis Report
  6) Advanced HDL Synthesis
     6.1) Advanced HDL Synthesis Report
  7) Low Level Synthesis
  8) Partition Report
  9) Final Report
	9.1) Device utilization summary
	9.2) Partition Resource Summary
	9.3) TIMING REPORT


=========================================================================
*                      Synthesis Options Summary                        *
=========================================================================
---- Source Parameters
Input File Name                    : "Main.prj"
Input Format                       : mixed
Ignore Synthesis Constraint File   : NO

---- Target Parameters
Output File Name                   : "Main"
Output Format                      : NGC
Target Device                      : xc3s500e-5-ft256

---- Source Options
Top Module Name                    : Main
Automatic FSM Extraction           : YES
FSM Encoding Algorithm             : Auto
Safe Implementation                : No
FSM Style                          : LUT
RAM Extraction                     : Yes
RAM Style                          : Auto
ROM Extraction                     : Yes
Mux Style                          : Auto
Decoder Extraction                 : YES
Priority Encoder Extraction        : Yes
Shift Register Extraction          : YES
Logical Shifter Extraction         : YES
XOR Collapsing                     : YES
ROM Style                          : Auto
Mux Extraction                     : Yes
Resource Sharing                   : YES
Asynchronous To Synchronous        : NO
Multiplier Style                   : Auto
Automatic Register Balancing       : No

---- Target Options
Add IO Buffers                     : YES
Global Maximum Fanout              : 100000
Add Generic Clock Buffer(BUFG)     : 24
Register Duplication               : YES
Slice Packing                      : YES
Optimize Instantiated Primitives   : NO
Use Clock Enable                   : Yes
Use Synchronous Set                : Yes
Use Synchronous Reset              : Yes
Pack IO Registers into IOBs        : Auto
Equivalent register Removal        : YES

---- General Options
Optimization Goal                  : Speed
Optimization Effort                : 1
Keep Hierarchy                     : No
Netlist Hierarchy                  : As_Optimized
RTL Output                         : Yes
Global Optimization                : AllClockNets
Read Cores                         : YES
Write Timing Constraints           : NO
Cross Clock Analysis               : NO
Hierarchy Separator                : /
Bus Delimiter                      : <>
Case Specifier                     : Maintain
Slice Utilization Ratio            : 100
BRAM Utilization Ratio             : 100
Verilog 2001                       : YES
Auto BRAM Packing                  : NO
Slice Utilization Ratio Delta      : 5

=========================================================================


=========================================================================
*                          HDL Compilation                              *
=========================================================================
Compiling verilog file "RegisterFile.v" in library work
Compiling verilog file "Main.v" in library work
Module <RegisterFile> compiled
Module <Main> compiled
No errors in compilation
Analysis of file <"Main.prj"> succeeded.
 

=========================================================================
*                     Design Hierarchy Analysis                         *
=========================================================================
Analyzing hierarchy for module <Main> in library <work>.

Analyzing hierarchy for module <RegisterFile> in library <work>.


=========================================================================
*                            HDL Analysis                               *
=========================================================================
Analyzing top module <Main>.
Module <Main> is correct for synthesis.
 
Analyzing module <RegisterFile> in library <work>.
Module <RegisterFile> is correct for synthesis.
 

=========================================================================
*                           HDL Synthesis                               *
=========================================================================

Performing bidirectional port resolution...

Synthesizing Unit <RegisterFile>.
    Related source file is "RegisterFile.v".
    Found 4x8-bit dual-port RAM <Mram_registers> for signal <registers>.
    Found 4x8-bit dual-port RAM <Mram_registers_ren> for signal <registers>.
    Summary:
	inferred   2 RAM(s).
Unit <RegisterFile> synthesized.


Synthesizing Unit <Main>.
    Related source file is "Main.v".
Unit <Main> synthesized.


=========================================================================
HDL Synthesis Report

Macro Statistics
# RAMs                                                 : 2
 4x8-bit dual-port RAM                                 : 2

=========================================================================

=========================================================================
*                       Advanced HDL Synthesis                          *
=========================================================================


Synthesizing (advanced) Unit <RegisterFile>.
INFO:Xst:3218 - HDL ADVISOR - The RAM <Mram_registers> will be implemented on LUTs either because you have described an asynchronous read or because of currently unsupported block RAM features. If you have described an asynchronous read, making it synchronous would allow you to take advantage of available block RAM resources, for optimized device usage and improved timings. Please refer to your documentation for coding guidelines.
    -----------------------------------------------------------------------
    | ram_type           | Distributed                         |          |
    -----------------------------------------------------------------------
    | Port A                                                              |
    |     aspect ratio   | 4-word x 8-bit                      |          |
    |     clkA           | connected to signal <clk>           | rise     |
    |     weA            | connected to signal <we>            | high     |
    |     addrA          | connected to signal <write_addr>    |          |
    |     diA            | connected to signal <write_data>    |          |
    -----------------------------------------------------------------------
    | Port B                                                              |
    |     aspect ratio   | 4-word x 8-bit                      |          |
    |     addrB          | connected to signal <read_addr1>    |          |
    |     doB            | connected to signal <read_data1>    |          |
    -----------------------------------------------------------------------
INFO:Xst:3218 - HDL ADVISOR - The RAM <Mram_registers_ren> will be implemented on LUTs either because you have described an asynchronous read or because of currently unsupported block RAM features. If you have described an asynchronous read, making it synchronous would allow you to take advantage of available block RAM resources, for optimized device usage and improved timings. Please refer to your documentation for coding guidelines.
    -----------------------------------------------------------------------
    | ram_type           | Distributed                         |          |
    -----------------------------------------------------------------------
    | Port A                                                              |
    |     aspect ratio   | 4-word x 8-bit                      |          |
    |     clkA           | connected to signal <clk>           | rise     |
    |     weA            | connected to signal <we>            | high     |
    |     addrA          | connected to signal <write_addr>    |          |
    |     diA            | connected to signal <write_data>    |          |
    -----------------------------------------------------------------------
    | Port B                                                              |
    |     aspect ratio   | 4-word x 8-bit                      |          |
    |     addrB          | connected to signal <read_addr2>    |          |
    |     doB            | connected to signal <read_data2>    |          |
    -----------------------------------------------------------------------
Unit <RegisterFile> synthesized (advanced).

=========================================================================
Advanced HDL Synthesis Report

Macro Statistics
# RAMs                                                 : 2
 4x8-bit dual-port distributed RAM                     : 2

=========================================================================

=========================================================================
*                         Low Level Synthesis                           *
=========================================================================

Optimizing unit <Main> ...

Mapping all equations...
Building and optimizing final netlist ...
Found area constraint ratio of 100 (+ 5) on block Main, actual ratio is 0.

Final Macro Processing ...

=========================================================================
Final Register Report

Found no macro
=========================================================================

=========================================================================
*                           Partition Report                            *
=========================================================================

Partition Implementation Status
-------------------------------

  No Partitions were found in this design.

-------------------------------

=========================================================================
*                            Final Report                               *
=========================================================================
Final Results
RTL Top Level Output File Name     : Main.ngr
Top Level Output File Name         : Main
Output Format                      : NGC
Optimization Goal                  : Speed
Keep Hierarchy                     : No

Design Statistics
# IOs                              : 32

Cell Usage :
# BELS                             : 1
#      GND                         : 1
# RAMS                             : 16
#      RAM16X1D                    : 16
# Clock Buffers                    : 1
#      BUFGP                       : 1
# IO Buffers                       : 31
#      IBUF                        : 15
#      OBUF                        : 16
=========================================================================

Device utilization summary:
---------------------------

Selected Device : 3s500eft256-5 

 Number of Slices:                        0  out of   4656     0%  
 Number of 4 input LUTs:                 32  out of   9312     0%  
    Number used as logic:                 0
    Number used as RAMs:                 32
 Number of IOs:                          32
 Number of bonded IOBs:                  32  out of    190    16%  
 Number of GCLKs:                         1  out of     24     4%  

---------------------------
Partition Resource Summary:
---------------------------

  No Partitions were found in this design.

---------------------------


=========================================================================
TIMING REPORT

NOTE: THESE TIMING NUMBERS ARE ONLY A SYNTHESIS ESTIMATE.
      FOR ACCURATE TIMING INFORMATION PLEASE REFER TO THE TRACE REPORT
      GENERATED AFTER PLACE-and-ROUTE.

Clock Information:
------------------
-----------------------------------+------------------------+-------+
Clock Signal                       | Clock buffer(FF name)  | Load  |
-----------------------------------+------------------------+-------+
clk                                | BUFGP                  | 16    |
-----------------------------------+------------------------+-------+

Asynchronous Control Signals Information:
----------------------------------------
No asynchronous control signals found in this design

Timing Summary:
---------------
Speed Grade: -5

   Minimum period: No path found
   Minimum input arrival time before clock: 2.326ns
   Maximum output required time after clock: 5.180ns
   Maximum combinational path delay: 5.887ns

Timing Detail:
--------------
All values displayed in nanoseconds (ns)

=========================================================================
Timing constraint: Default OFFSET IN BEFORE for Clock 'clk'
  Total number of paths / destination ports: 96 / 96
-------------------------------------------------------------------------
Offset:              2.326ns (Levels of Logic = 1)
  Source:            we (PAD)
  Destination:       rf/Mram_registers_ren1 (RAM)
  Destination Clock: clk rising

  Data Path: we to rf/Mram_registers_ren1
                                Gate     Net
    Cell:in->out      fanout   Delay   Delay  Logical Name (Net Name)
    ----------------------------------------  ------------
     IBUF:I->O            16   1.106   0.879  we_IBUF (we_IBUF)
     RAM16X1D:WE               0.341          rf/Mram_registers_ren1
    ----------------------------------------
    Total                      2.326ns (1.447ns logic, 0.879ns route)
                                       (62.2% logic, 37.8% route)

=========================================================================
Timing constraint: Default OFFSET OUT AFTER for Clock 'clk'
  Total number of paths / destination ports: 16 / 16
-------------------------------------------------------------------------
Offset:              5.180ns (Levels of Logic = 1)
  Source:            rf/Mram_registers8 (RAM)
  Destination:       read_data1<7> (PAD)
  Source Clock:      clk rising

  Data Path: rf/Mram_registers8 to read_data1<7>
                                Gate     Net
    Cell:in->out      fanout   Delay   Delay  Logical Name (Net Name)
    ----------------------------------------  ------------
     RAM16X1D:WCLK->DPO    1   1.654   0.357  rf/Mram_registers8 (read_data1_7_OBUF)
     OBUF:I->O                 3.169          read_data1_7_OBUF (read_data1<7>)
    ----------------------------------------
    Total                      5.180ns (4.823ns logic, 0.357ns route)
                                       (93.1% logic, 6.9% route)

=========================================================================
Timing constraint: Default path analysis
  Total number of paths / destination ports: 32 / 16
-------------------------------------------------------------------------
Delay:               5.887ns (Levels of Logic = 3)
  Source:            read_addr1<0> (PAD)
  Destination:       read_data1<7> (PAD)

  Data Path: read_addr1<0> to read_data1<7>
                                Gate     Net
    Cell:in->out      fanout   Delay   Delay  Logical Name (Net Name)
    ----------------------------------------  ------------
     IBUF:I->O             8   1.106   0.643  read_addr1_0_IBUF (read_addr1_0_IBUF)
     RAM16X1D:DPRA0->DPO    1   0.612   0.357  rf/Mram_registers1 (read_data1_0_OBUF)
     OBUF:I->O                 3.169          read_data1_0_OBUF (read_data1<0>)
    ----------------------------------------
    Total                      5.887ns (4.887ns logic, 1.000ns route)
                                       (83.0% logic, 17.0% route)

=========================================================================


Total REAL time to Xst completion: 5.00 secs
Total CPU time to Xst completion: 5.49 secs
 
--> 

Total memory usage is 210304 kilobytes

Number of errors   :    0 (   0 filtered)
Number of warnings :    0 (   0 filtered)
Number of infos    :    2 (   0 filtered)

